<?xml version="1.0" encoding="UTF-8"?>
<testsuite name="Test Mercado Libre search functionality" tests="1" skipped="0" failures="0" errors="0" timestamp="2021-12-07T02:33:32" hostname="LAPTOP-T3Q36G9U" time="4.587">
  <properties/>
  <testcase name="As a user I enter a search criteria in Mercado Libre" classname="Test Mercado Libre search functionality" time="4.587"/>
  <system-out><![CDATA[]]></system-out>
  <system-err><![CDATA[Starting ChromeDriver 95.0.4638.69 (6a1600ed572fedecd573b6c2b90a22fe6392a410-refs/branch-heads/4638@{#984}) on port 35716
Only local connections are allowed.
Please see https://chromedriver.chromium.org/security-considerations for suggestions on keeping ChromeDriver safe.
ChromeDriver was started successfully.
[1638844414.175][WARNING]: This version of ChromeDriver has not been tested with Chrome version 96.
dic. 06, 2021 11:33:34 P. M. org.openqa.selenium.remote.ProtocolHandshake createSession
INFO: Detected dialect: W3C
]]></system-err>
</testsuite>
